# JRE version: Java(TM) SE Runtime Environment (8.0_102-b14) (build 1.8.0_102-b14)
# Java VM: Java HotSpot(TM) 64-Bit Server VM (25.102-b14 mixed mode windows-amd64 compressed oops)
Heap:
 PSYoungGen      total 141824K, used 52127K [0x000000076af80000, 0x0000000774480000, 0x00000007c0000000)
  eden space 131072K, 32% used [0x000000076af80000,0x000000076d960880,0x0000000772f80000)
  from space 10752K, 85% used [0x0000000773a00000,0x00000007743074c0,0x0000000774480000)
  to   space 10752K, 75% used [0x0000000772f80000,0x0000000773778f60,0x0000000773a00000)
 ParOldGen       total 175104K, used 48K [0x00000006c0e00000, 0x00000006cb900000, 0x000000076af80000)
  object space 175104K, 0% used [0x00000006c0e00000,0x00000006c0e0c000,0x00000006cb900000)
 Metaspace       used 20914K, capacity 21170K, committed 21296K, reserved 1067008K
  class space    used 2737K, capacity 2824K, committed 2864K, reserved 1048576K
GC Heap History (9 events):
Event: 1.687 GC heap before
{Heap before GC invocations=1 (full 0):
 PSYoungGen      total 76288K, used 65536K [0x000000076af80000, 0x0000000770480000, 0x00000007c0000000)
  eden space 65536K, 100% used [0x000000076af80000,0x000000076ef80000,0x000000076ef80000)
  from space 10752K, 0% used [0x000000076fa00000,0x000000076fa00000,0x0000000770480000)
  to   space 10752K, 0% used [0x000000076ef80000,0x000000076ef80000,0x000000076fa00000)
 ParOldGen       total 175104K, used 0K [0x00000006c0e00000, 0x00000006cb900000, 0x000000076af80000)
  object space 175104K, 0% used [0x00000006c0e00000,0x00000006c0e00000,0x00000006cb900000)
 Metaspace       used 9676K, capacity 9830K, committed 9984K, reserved 1058816K
  class space    used 1199K, capacity 1243K, committed 1280K, reserved 1048576K
Event: 1.700 GC heap after
Heap after GC invocations=1 (full 0):
 PSYoungGen      total 76288K, used 6068K [0x000000076af80000, 0x0000000770480000, 0x00000007c0000000)
  eden space 65536K, 0% used [0x000000076af80000,0x000000076af80000,0x000000076ef80000)
  from space 10752K, 56% used [0x000000076ef80000,0x000000076f56d0a0,0x000000076fa00000)
  to   space 10752K, 0% used [0x000000076fa00000,0x000000076fa00000,0x0000000770480000)
 ParOldGen       total 175104K, used 8K [0x00000006c0e00000, 0x00000006cb900000, 0x000000076af80000)
  object space 175104K, 0% used [0x00000006c0e00000,0x00000006c0e02000,0x00000006cb900000)
 Metaspace       used 9676K, capacity 9830K, committed 9984K, reserved 1058816K
  class space    used 1199K, capacity 1243K, committed 1280K, reserved 1048576K
}
Event: 2.916 GC heap before
{Heap before GC invocations=2 (full 0):
 PSYoungGen      total 76288K, used 71604K [0x000000076af80000, 0x0000000770480000, 0x00000007c0000000)
  eden space 65536K, 100% used [0x000000076af80000,0x000000076ef80000,0x000000076ef80000)
  from space 10752K, 56% used [0x000000076ef80000,0x000000076f56d0a0,0x000000076fa00000)
  to   space 10752K, 0% used [0x000000076fa00000,0x000000076fa00000,0x0000000770480000)
 ParOldGen       total 175104K, used 8K [0x00000006c0e00000, 0x00000006cb900000, 0x000000076af80000)
  object space 175104K, 0% used [0x00000006c0e00000,0x00000006c0e02000,0x00000006cb900000)
 Metaspace       used 14737K, capacity 14906K, committed 15232K, reserved 1062912K
  class space    used 1844K, capacity 1908K, committed 1920K, reserved 1048576K
Event: 2.927 GC heap after
Heap after GC invocations=2 (full 0):
 PSYoungGen      total 76288K, used 6981K [0x000000076af80000, 0x0000000770480000, 0x00000007c0000000)
  eden space 65536K, 0% used [0x000000076af80000,0x000000076af80000,0x000000076ef80000)
  from space 10752K, 64% used [0x000000076fa00000,0x00000007700d17c8,0x0000000770480000)
  to   space 10752K, 0% used [0x000000076ef80000,0x000000076ef80000,0x000000076fa00000)
 ParOldGen       total 175104K, used 24K [0x00000006c0e00000, 0x00000006cb900000, 0x000000076af80000)
  object space 175104K, 0% used [0x00000006c0e00000,0x00000006c0e06000,0x00000006cb900000)
 Metaspace       used 14737K, capacity 14906K, committed 15232K, reserved 1062912K
  class space    used 1844K, capacity 1908K, committed 1920K, reserved 1048576K
}
Event: 3.574 GC heap before
{Heap before GC invocations=3 (full 0):
 PSYoungGen      total 76288K, used 72517K [0x000000076af80000, 0x0000000770480000, 0x00000007c0000000)
  eden space 65536K, 100% used [0x000000076af80000,0x000000076ef80000,0x000000076ef80000)
  from space 10752K, 64% used [0x000000076fa00000,0x00000007700d17c8,0x0000000770480000)
  to   space 10752K, 0% used [0x000000076ef80000,0x000000076ef80000,0x000000076fa00000)
 ParOldGen       total 175104K, used 24K [0x00000006c0e00000, 0x00000006cb900000, 0x000000076af80000)
  object space 175104K, 0% used [0x00000006c0e00000,0x00000006c0e06000,0x00000006cb900000)
 Metaspace       used 16982K, capacity 17300K, committed 17664K, reserved 1064960K
  class space    used 2146K, capacity 2243K, committed 2304K, reserved 1048576K
Event: 3.585 GC heap after
Heap after GC invocations=3 (full 0):
 PSYoungGen      total 76288K, used 7328K [0x000000076af80000, 0x0000000774480000, 0x00000007c0000000)
  eden space 65536K, 0% used [0x000000076af80000,0x000000076af80000,0x000000076ef80000)
  from space 10752K, 68% used [0x000000076ef80000,0x000000076f6a81a8,0x000000076fa00000)
  to   space 10752K, 0% used [0x0000000773a00000,0x0000000773a00000,0x0000000774480000)
 ParOldGen       total 175104K, used 32K [0x00000006c0e00000, 0x00000006cb900000, 0x000000076af80000)
  object space 175104K, 0% used [0x00000006c0e00000,0x00000006c0e08000,0x00000006cb900000)
 Metaspace       used 16982K, capacity 17300K, committed 17664K, reserved 1064960K
  class space    used 2146K, capacity 2243K, committed 2304K, reserved 1048576K
}
Event: 4.162 GC heap before
{Heap before GC invocations=4 (full 0):
 PSYoungGen      total 76288K, used 72864K [0x000000076af80000, 0x0000000774480000, 0x00000007c0000000)
  eden space 65536K, 100% used [0x000000076af80000,0x000000076ef80000,0x000000076ef80000)
  from space 10752K, 68% used [0x000000076ef80000,0x000000076f6a81a8,0x000000076fa00000)
  to   space 10752K, 0% used [0x0000000773a00000,0x0000000773a00000,0x0000000774480000)
 ParOldGen       total 175104K, used 32K [0x00000006c0e00000, 0x00000006cb900000, 0x000000076af80000)
  object space 175104K, 0% used [0x00000006c0e00000,0x00000006c0e08000,0x00000006cb900000)
 Metaspace       used 19268K, capacity 19570K, committed 19840K, reserved 1067008K
  class space    used 2476K, capacity 2568K, committed 2688K, reserved 1048576K
Event: 4.185 GC heap after
Heap after GC invocations=4 (full 0):
 PSYoungGen      total 141824K, used 9245K [0x000000076af80000, 0x0000000774480000, 0x00000007c0000000)
  eden space 131072K, 0% used [0x000000076af80000,0x000000076af80000,0x0000000772f80000)
  from space 10752K, 85% used [0x0000000773a00000,0x00000007743074c0,0x0000000774480000)
  to   space 10752K, 0% used [0x0000000772f80000,0x0000000772f80000,0x0000000773a00000)
 ParOldGen       total 175104K, used 40K [0x00000006c0e00000, 0x00000006cb900000, 0x000000076af80000)
  object space 175104K, 0% used [0x00000006c0e00000,0x00000006c0e0a000,0x00000006cb900000)
 Metaspace       used 19268K, capacity 19570K, committed 19840K, reserved 1067008K
  class space    used 2476K, capacity 2568K, committed 2688K, reserved 1048576K
}
Event: 4.499 GC heap before
{Heap before GC invocations=5 (full 0):
 PSYoungGen      total 141824K, used 52127K [0x000000076af80000, 0x0000000774480000, 0x00000007c0000000)
  eden space 131072K, 32% used [0x000000076af80000,0x000000076d960880,0x0000000772f80000)
  from space 10752K, 85% used [0x0000000773a00000,0x00000007743074c0,0x0000000774480000)
  to   space 10752K, 0% used [0x0000000772f80000,0x0000000772f80000,0x0000000773a00000)
 ParOldGen       total 175104K, used 40K [0x00000006c0e00000, 0x00000006cb900000, 0x000000076af80000)
  object space 175104K, 0% used [0x00000006c0e00000,0x00000006c0e0a000,0x00000006cb900000)
 Metaspace       used 20914K, capacity 21170K, committed 21296K, reserved 1067008K
  class space    used 2737K, capacity 2824K, committed 2864K, reserved 1048576K

